[17:27:51,069] INFO  {SparkContext} Running Spark version 2.0.1
[17:27:51,313] WARN  {NativeCodeLoader} Unable to load native-hadoop library for your platform... using builtin-java classes where applicable
[17:27:51,427] WARN  {Utils} Your hostname, victor resolves to a loopback address: 127.0.1.1; using 192.168.0.103 instead (on interface wlp4s0)
[17:27:51,427] WARN  {Utils} Set SPARK_LOCAL_IP if you need to bind to another address
[17:27:51,498] INFO  {SecurityManager} Changing view acls to: victor
[17:27:51,498] INFO  {SecurityManager} Changing modify acls to: victor
[17:27:51,499] INFO  {SecurityManager} Changing view acls groups to: 
[17:27:51,500] INFO  {SecurityManager} Changing modify acls groups to: 
[17:27:51,500] INFO  {SecurityManager} SecurityManager: authentication disabled; ui acls disabled; users  with view permissions: Set(victor); groups with view permissions: Set(); users  with modify permissions: Set(victor); groups with modify permissions: Set()
[17:27:51,813] INFO  {Utils} Successfully started service 'sparkDriver' on port 36251.
[17:27:51,832] INFO  {SparkEnv} Registering MapOutputTracker
[17:27:51,846] INFO  {SparkEnv} Registering BlockManagerMaster
[17:27:51,869] INFO  {DiskBlockManager} Created local directory at /tmp/blockmgr-cff6548d-83df-4992-9558-38b6dbce2578
[17:27:51,886] INFO  {MemoryStore} MemoryStore started with capacity 1128.9 MB
[17:27:51,949] INFO  {SparkEnv} Registering OutputCommitCoordinator
[17:27:52,017] INFO  {log} Logging initialized @1704ms
[17:27:52,120] INFO  {Server} jetty-9.2.z-SNAPSHOT
[17:27:52,137] INFO  {ContextHandler} Started o.s.j.s.ServletContextHandler@54dcfa5a{/jobs,null,AVAILABLE}
[17:27:52,137] INFO  {ContextHandler} Started o.s.j.s.ServletContextHandler@1817f1eb{/jobs/json,null,AVAILABLE}
[17:27:52,137] INFO  {ContextHandler} Started o.s.j.s.ServletContextHandler@767e20cf{/jobs/job,null,AVAILABLE}
[17:27:52,138] INFO  {ContextHandler} Started o.s.j.s.ServletContextHandler@3a3e78f{/jobs/job/json,null,AVAILABLE}
[17:27:52,138] INFO  {ContextHandler} Started o.s.j.s.ServletContextHandler@301ec38b{/stages,null,AVAILABLE}
[17:27:52,138] INFO  {ContextHandler} Started o.s.j.s.ServletContextHandler@17a1e4ca{/stages/json,null,AVAILABLE}
[17:27:52,139] INFO  {ContextHandler} Started o.s.j.s.ServletContextHandler@10ded6a9{/stages/stage,null,AVAILABLE}
[17:27:52,139] INFO  {ContextHandler} Started o.s.j.s.ServletContextHandler@c5dc4a2{/stages/stage/json,null,AVAILABLE}
[17:27:52,139] INFO  {ContextHandler} Started o.s.j.s.ServletContextHandler@4a194c39{/stages/pool,null,AVAILABLE}
[17:27:52,139] INFO  {ContextHandler} Started o.s.j.s.ServletContextHandler@52066604{/stages/pool/json,null,AVAILABLE}
[17:27:52,140] INFO  {ContextHandler} Started o.s.j.s.ServletContextHandler@340b9973{/storage,null,AVAILABLE}
[17:27:52,140] INFO  {ContextHandler} Started o.s.j.s.ServletContextHandler@56113384{/storage/json,null,AVAILABLE}
[17:27:52,140] INFO  {ContextHandler} Started o.s.j.s.ServletContextHandler@5669c5fb{/storage/rdd,null,AVAILABLE}
[17:27:52,140] INFO  {ContextHandler} Started o.s.j.s.ServletContextHandler@373ebf74{/storage/rdd/json,null,AVAILABLE}
[17:27:52,140] INFO  {ContextHandler} Started o.s.j.s.ServletContextHandler@5f9678e1{/environment,null,AVAILABLE}
[17:27:52,141] INFO  {ContextHandler} Started o.s.j.s.ServletContextHandler@c4ed84{/environment/json,null,AVAILABLE}
[17:27:52,141] INFO  {ContextHandler} Started o.s.j.s.ServletContextHandler@189aa67a{/executors,null,AVAILABLE}
[17:27:52,141] INFO  {ContextHandler} Started o.s.j.s.ServletContextHandler@5a9d6f02{/executors/json,null,AVAILABLE}
[17:27:52,141] INFO  {ContextHandler} Started o.s.j.s.ServletContextHandler@362045c0{/executors/threadDump,null,AVAILABLE}
[17:27:52,141] INFO  {ContextHandler} Started o.s.j.s.ServletContextHandler@112f364d{/executors/threadDump/json,null,AVAILABLE}
[17:27:52,147] INFO  {ContextHandler} Started o.s.j.s.ServletContextHandler@5ccbeb64{/static,null,AVAILABLE}
[17:27:52,148] INFO  {ContextHandler} Started o.s.j.s.ServletContextHandler@6d9f7a80{/,null,AVAILABLE}
[17:27:52,149] INFO  {ContextHandler} Started o.s.j.s.ServletContextHandler@59252cb6{/api,null,AVAILABLE}
[17:27:52,149] INFO  {ContextHandler} Started o.s.j.s.ServletContextHandler@31d0e481{/stages/stage/kill,null,AVAILABLE}
[17:27:52,157] INFO  {ServerConnector} Started ServerConnector@70ab2d48{HTTP/1.1}{0.0.0.0:4040}
[17:27:52,158] INFO  {Server} Started @1845ms
[17:27:52,158] INFO  {Utils} Successfully started service 'SparkUI' on port 4040.
[17:27:52,160] INFO  {SparkUI} Bound SparkUI to 0.0.0.0, and started at http://192.168.0.103:4040
[17:27:52,246] INFO  {Executor} Starting executor ID driver on host localhost
[17:27:52,269] INFO  {Utils} Successfully started service 'org.apache.spark.network.netty.NettyBlockTransferService' on port 36485.
[17:27:52,270] INFO  {NettyBlockTransferService} Server created on 192.168.0.103:36485
[17:27:52,271] INFO  {BlockManagerMaster} Registering BlockManager BlockManagerId(driver, 192.168.0.103, 36485)
[17:27:52,274] INFO  {BlockManagerMasterEndpoint} Registering block manager 192.168.0.103:36485 with 1128.9 MB RAM, BlockManagerId(driver, 192.168.0.103, 36485)
[17:27:52,279] INFO  {BlockManagerMaster} Registered BlockManager BlockManagerId(driver, 192.168.0.103, 36485)
[17:27:52,403] INFO  {ContextHandler} Started o.s.j.s.ServletContextHandler@62dae245{/metrics/json,null,AVAILABLE}
[17:27:52,438] INFO  {SparkContext} Invoking stop() from shutdown hook
[17:27:52,442] INFO  {ServerConnector} Stopped ServerConnector@70ab2d48{HTTP/1.1}{0.0.0.0:4040}
[17:27:52,444] INFO  {ContextHandler} Stopped o.s.j.s.ServletContextHandler@31d0e481{/stages/stage/kill,null,UNAVAILABLE}
[17:27:52,444] INFO  {ContextHandler} Stopped o.s.j.s.ServletContextHandler@59252cb6{/api,null,UNAVAILABLE}
[17:27:52,445] INFO  {ContextHandler} Stopped o.s.j.s.ServletContextHandler@6d9f7a80{/,null,UNAVAILABLE}
[17:27:52,445] INFO  {ContextHandler} Stopped o.s.j.s.ServletContextHandler@5ccbeb64{/static,null,UNAVAILABLE}
[17:27:52,445] INFO  {ContextHandler} Stopped o.s.j.s.ServletContextHandler@112f364d{/executors/threadDump/json,null,UNAVAILABLE}
[17:27:52,445] INFO  {ContextHandler} Stopped o.s.j.s.ServletContextHandler@362045c0{/executors/threadDump,null,UNAVAILABLE}
[17:27:52,445] INFO  {ContextHandler} Stopped o.s.j.s.ServletContextHandler@5a9d6f02{/executors/json,null,UNAVAILABLE}
[17:27:52,446] INFO  {ContextHandler} Stopped o.s.j.s.ServletContextHandler@189aa67a{/executors,null,UNAVAILABLE}
[17:27:52,446] INFO  {ContextHandler} Stopped o.s.j.s.ServletContextHandler@c4ed84{/environment/json,null,UNAVAILABLE}
[17:27:52,446] INFO  {ContextHandler} Stopped o.s.j.s.ServletContextHandler@5f9678e1{/environment,null,UNAVAILABLE}
[17:27:52,446] INFO  {ContextHandler} Stopped o.s.j.s.ServletContextHandler@373ebf74{/storage/rdd/json,null,UNAVAILABLE}
[17:27:52,446] INFO  {ContextHandler} Stopped o.s.j.s.ServletContextHandler@5669c5fb{/storage/rdd,null,UNAVAILABLE}
[17:27:52,446] INFO  {ContextHandler} Stopped o.s.j.s.ServletContextHandler@56113384{/storage/json,null,UNAVAILABLE}
[17:27:52,446] INFO  {ContextHandler} Stopped o.s.j.s.ServletContextHandler@340b9973{/storage,null,UNAVAILABLE}
[17:27:52,446] INFO  {ContextHandler} Stopped o.s.j.s.ServletContextHandler@52066604{/stages/pool/json,null,UNAVAILABLE}
[17:27:52,447] INFO  {ContextHandler} Stopped o.s.j.s.ServletContextHandler@4a194c39{/stages/pool,null,UNAVAILABLE}
[17:27:52,447] INFO  {ContextHandler} Stopped o.s.j.s.ServletContextHandler@c5dc4a2{/stages/stage/json,null,UNAVAILABLE}
[17:27:52,447] INFO  {ContextHandler} Stopped o.s.j.s.ServletContextHandler@10ded6a9{/stages/stage,null,UNAVAILABLE}
[17:27:52,447] INFO  {ContextHandler} Stopped o.s.j.s.ServletContextHandler@17a1e4ca{/stages/json,null,UNAVAILABLE}
[17:27:52,447] INFO  {ContextHandler} Stopped o.s.j.s.ServletContextHandler@301ec38b{/stages,null,UNAVAILABLE}
[17:27:52,447] INFO  {ContextHandler} Stopped o.s.j.s.ServletContextHandler@3a3e78f{/jobs/job/json,null,UNAVAILABLE}
[17:27:52,447] INFO  {ContextHandler} Stopped o.s.j.s.ServletContextHandler@767e20cf{/jobs/job,null,UNAVAILABLE}
[17:27:52,447] INFO  {ContextHandler} Stopped o.s.j.s.ServletContextHandler@1817f1eb{/jobs/json,null,UNAVAILABLE}
[17:27:52,448] INFO  {ContextHandler} Stopped o.s.j.s.ServletContextHandler@54dcfa5a{/jobs,null,UNAVAILABLE}
[17:27:52,449] INFO  {SparkUI} Stopped Spark web UI at http://192.168.0.103:4040
[17:27:52,460] INFO  {MapOutputTrackerMasterEndpoint} MapOutputTrackerMasterEndpoint stopped!
[17:27:52,464] INFO  {MemoryStore} MemoryStore cleared
[17:27:52,464] INFO  {BlockManager} BlockManager stopped
[17:27:52,470] INFO  {BlockManagerMaster} BlockManagerMaster stopped
[17:27:52,473] INFO  {OutputCommitCoordinator$OutputCommitCoordinatorEndpoint} OutputCommitCoordinator stopped!
[17:27:52,475] INFO  {SparkContext} Successfully stopped SparkContext
[17:27:52,475] INFO  {ShutdownHookManager} Shutdown hook called
[17:27:52,476] INFO  {ShutdownHookManager} Deleting directory /tmp/spark-23729095-0c50-466c-bc46-491c195054c7
